

*******************************************************************************
Tue Mar 28 23:49:49 2023


FIT:    data read from "out.times.data"
        format = z
        #datapoints = 31
        residuals are weighted equally (unit weight)

function used for fitting: f(x)
	f(x) = a*x**3
BREAK: Need via and either parameter list or file

*******************************************************************************
Tue Mar 28 23:51:20 2023


FIT:    data read from "out.times.data"
        format = z
        #datapoints = 31
        residuals are weighted equally (unit weight)

function used for fitting: f(x)
	f(x) = a*x**3
BREAK: could not read parameter-file "start.par"

*******************************************************************************
Tue Mar 28 23:52:05 2023


FIT:    data read from "out.times.data"
        format = z
        #datapoints = 31
        residuals are weighted equally (unit weight)

function used for fitting: f(x)
	f(x) = a*x**3
fitted parameters initialized with current variable values

BREAK: no parameter specified

*******************************************************************************
Tue Mar 28 23:53:54 2023


FIT:    data read from "out.times.data"
        format = z
        #datapoints = 31
        residuals are weighted equally (unit weight)

function used for fitting: f(x)
	f(x) = a*x**3
fitted parameters initialized with current variable values

Warning: Initial value of parameter 'y0' is zero.
Warning: Initial value of parameter 'x0' is zero.


*******************************************************************************
Tue Mar 28 23:54:16 2023


FIT:    data read from "out.times.data"
        format = z
        #datapoints = 31
        residuals are weighted equally (unit weight)

function used for fitting: f(x)
	f(x) = a*x**3
fitted parameters initialized with current variable values

Warning: Initial value of parameter 'y0' is zero.


*******************************************************************************
Tue Mar 28 23:54:30 2023


FIT:    data read from "out.times.data"
        format = z
        #datapoints = 31
        residuals are weighted equally (unit weight)

function used for fitting: f(x)
	f(x) = a*x**3
fitted parameters initialized with current variable values



*******************************************************************************
Tue Mar 28 23:55:46 2023


FIT:    data read from "out.times.data"
        format = z
        #datapoints = 31
        residuals are weighted equally (unit weight)

function used for fitting: f(x)
	f(x) = a*x**3
fitted parameters initialized with current variable values

iter      chisq       delta/lim  lambda   a            
   0 6.4867394886e+09   0.00e+00  1.45e+04    1.000000e-04
   4 3.3233597405e-02  -2.06e-05  1.45e+00    5.817585e-09

After 4 iterations the fit converged.
final sum of squares of residuals : 0.0332336
rel. change during last iteration : -2.06263e-10

degrees of freedom    (FIT_NDF)                        : 30
rms of residuals      (FIT_STDFIT) = sqrt(WSSR/ndf)    : 0.0332834
variance of residuals (reduced chisquare) = WSSR/ndf   : 0.00110779

Final set of parameters            Asymptotic Standard Error
=======================            ==========================
a               = 5.81758e-09      +/- 4.132e-11    (0.7103%)


*******************************************************************************
Tue Mar 28 23:56:40 2023


FIT:    data read from "out.times.data"
        format = z
        #datapoints = 31
        residuals are weighted equally (unit weight)

function used for fitting: f(x)
	f(x) = a*x**3
fitted parameters initialized with current variable values

iter      chisq       delta/lim  lambda   a            
   0 6.4867394886e+09   0.00e+00  1.45e+04    1.000000e-04
   4 3.3233597405e-02  -2.06e-05  1.45e+00    5.817585e-09

After 4 iterations the fit converged.
final sum of squares of residuals : 0.0332336
rel. change during last iteration : -2.06263e-10

degrees of freedom    (FIT_NDF)                        : 30
rms of residuals      (FIT_STDFIT) = sqrt(WSSR/ndf)    : 0.0332834
variance of residuals (reduced chisquare) = WSSR/ndf   : 0.00110779

Final set of parameters            Asymptotic Standard Error
=======================            ==========================
a               = 5.81758e-09      +/- 4.132e-11    (0.7103%)


*******************************************************************************
Tue Mar 28 23:58:03 2023


FIT:    data read from "out.times.data"
        format = z
        #datapoints = 31
        residuals are weighted equally (unit weight)

function used for fitting: f(x)
	f(x) = a*x**3
fitted parameters initialized with current variable values

iter      chisq       delta/lim  lambda   a            
   0 6.4867394886e+09   0.00e+00  1.45e+04    1.000000e-04
   4 3.3233597405e-02  -2.06e-05  1.45e+00    5.817585e-09

After 4 iterations the fit converged.
final sum of squares of residuals : 0.0332336
rel. change during last iteration : -2.06263e-10

degrees of freedom    (FIT_NDF)                        : 30
rms of residuals      (FIT_STDFIT) = sqrt(WSSR/ndf)    : 0.0332834
variance of residuals (reduced chisquare) = WSSR/ndf   : 0.00110779

Final set of parameters            Asymptotic Standard Error
=======================            ==========================
a               = 5.81758e-09      +/- 4.132e-11    (0.7103%)


*******************************************************************************
Tue Mar 28 23:58:03 2023


FIT:    data read from "out.times.data"
        format = z
        #datapoints = 31
        residuals are weighted equally (unit weight)

function used for fitting: g(x)
	g(x) = b*x**2
fitted parameters initialized with current variable values

iter      chisq       delta/lim  lambda   b            
   0 1.6813472900e+04   0.00e+00  2.41e+01    1.000000e-04
   3 7.2733615472e-01  -2.35e-01  2.41e-02    3.434079e-06

After 3 iterations the fit converged.
final sum of squares of residuals : 0.727336
rel. change during last iteration : -2.34747e-06

degrees of freedom    (FIT_NDF)                        : 30
rms of residuals      (FIT_STDFIT) = sqrt(WSSR/ndf)    : 0.155707
variance of residuals (reduced chisquare) = WSSR/ndf   : 0.0242445

Final set of parameters            Asymptotic Standard Error
=======================            ==========================
b               = 3.43408e-06      +/- 1.16e-07     (3.377%)


*******************************************************************************
Wed Mar 29 00:00:02 2023


FIT:    data read from "out.times.data"
        format = z
        #datapoints = 31
        residuals are weighted equally (unit weight)

function used for fitting: f(x)
	f(x) = a*x**3
fitted parameters initialized with current variable values

iter      chisq       delta/lim  lambda   a            
   0 6.4867394886e+09   0.00e+00  1.45e+04    1.000000e-04
   4 3.3233597405e-02  -2.06e-05  1.45e+00    5.817585e-09

After 4 iterations the fit converged.
final sum of squares of residuals : 0.0332336
rel. change during last iteration : -2.06263e-10

degrees of freedom    (FIT_NDF)                        : 30
rms of residuals      (FIT_STDFIT) = sqrt(WSSR/ndf)    : 0.0332834
variance of residuals (reduced chisquare) = WSSR/ndf   : 0.00110779

Final set of parameters            Asymptotic Standard Error
=======================            ==========================
a               = 5.81758e-09      +/- 4.132e-11    (0.7103%)


*******************************************************************************
Wed Mar 29 00:00:02 2023


FIT:    data read from "out.times.data"
        format = z
        #datapoints = 31
        residuals are weighted equally (unit weight)

function used for fitting: g(x)
	g(x) = b*x**2
fitted parameters initialized with current variable values

iter      chisq       delta/lim  lambda   b            
   0 1.6813472900e+04   0.00e+00  2.41e+01    1.000000e-04
   3 7.2733615472e-01  -2.35e-01  2.41e-02    3.434079e-06

After 3 iterations the fit converged.
final sum of squares of residuals : 0.727336
rel. change during last iteration : -2.34747e-06

degrees of freedom    (FIT_NDF)                        : 30
rms of residuals      (FIT_STDFIT) = sqrt(WSSR/ndf)    : 0.155707
variance of residuals (reduced chisquare) = WSSR/ndf   : 0.0242445

Final set of parameters            Asymptotic Standard Error
=======================            ==========================
b               = 3.43408e-06      +/- 1.16e-07     (3.377%)


*******************************************************************************
Wed Mar 29 00:02:29 2023


FIT:    data read from "out.times.data"
        format = z
        #datapoints = 31
        residuals are weighted equally (unit weight)

function used for fitting: f(x)
	f(x) = a*x**3
fitted parameters initialized with current variable values

iter      chisq       delta/lim  lambda   a            
   0 6.4867220126e+09   0.00e+00  1.45e+04    1.000000e-04
   4 2.4319449565e-02  -2.82e-05  1.45e+00    5.952283e-09

After 4 iterations the fit converged.
final sum of squares of residuals : 0.0243194
rel. change during last iteration : -2.81865e-10

degrees of freedom    (FIT_NDF)                        : 30
rms of residuals      (FIT_STDFIT) = sqrt(WSSR/ndf)    : 0.0284719
variance of residuals (reduced chisquare) = WSSR/ndf   : 0.000810648

Final set of parameters            Asymptotic Standard Error
=======================            ==========================
a               = 5.95228e-09      +/- 3.535e-11    (0.5939%)


*******************************************************************************
Wed Mar 29 00:02:29 2023


FIT:    data read from "out.times.data"
        format = z
        #datapoints = 31
        residuals are weighted equally (unit weight)

function used for fitting: g(x)
	g(x) = b*x**2
fitted parameters initialized with current variable values

iter      chisq       delta/lim  lambda   b            
   0 1.6787150900e+04   0.00e+00  2.41e+01    1.000000e-04
   3 7.9763822975e-01  -2.14e-01  2.41e-02    3.509903e-06

After 3 iterations the fit converged.
final sum of squares of residuals : 0.797638
rel. change during last iteration : -2.13721e-06

degrees of freedom    (FIT_NDF)                        : 30
rms of residuals      (FIT_STDFIT) = sqrt(WSSR/ndf)    : 0.163058
variance of residuals (reduced chisquare) = WSSR/ndf   : 0.0265879

Final set of parameters            Asymptotic Standard Error
=======================            ==========================
b               = 3.5099e-06       +/- 1.214e-07    (3.46%)


*******************************************************************************
Wed Mar 29 00:03:07 2023


FIT:    data read from "out.times.data"
        format = z
        #datapoints = 31
        residuals are weighted equally (unit weight)

function used for fitting: f(x)
	f(x) = a*x**3
fitted parameters initialized with current variable values

iter      chisq       delta/lim  lambda   a            
   0 6.4867217949e+09   0.00e+00  1.45e+04    1.000000e-04
   4 2.6959741173e-02  -2.54e-05  1.45e+00    5.953961e-09

After 4 iterations the fit converged.
final sum of squares of residuals : 0.0269597
rel. change during last iteration : -2.54261e-10

degrees of freedom    (FIT_NDF)                        : 30
rms of residuals      (FIT_STDFIT) = sqrt(WSSR/ndf)    : 0.0299776
variance of residuals (reduced chisquare) = WSSR/ndf   : 0.000898658

Final set of parameters            Asymptotic Standard Error
=======================            ==========================
a               = 5.95396e-09      +/- 3.722e-11    (0.6251%)


*******************************************************************************
Wed Mar 29 00:03:07 2023


FIT:    data read from "out.times.data"
        format = z
        #datapoints = 31
        residuals are weighted equally (unit weight)

function used for fitting: g(x)
	g(x) = b*x**2
fitted parameters initialized with current variable values

iter      chisq       delta/lim  lambda   b            
   0 1.6787249700e+04   0.00e+00  2.41e+01    1.000000e-04
   3 8.1615837290e-01  -2.09e-01  2.41e-02    3.509672e-06

After 3 iterations the fit converged.
final sum of squares of residuals : 0.816158
rel. change during last iteration : -2.08872e-06

degrees of freedom    (FIT_NDF)                        : 30
rms of residuals      (FIT_STDFIT) = sqrt(WSSR/ndf)    : 0.16494
variance of residuals (reduced chisquare) = WSSR/ndf   : 0.0272053

Final set of parameters            Asymptotic Standard Error
=======================            ==========================
b               = 3.50967e-06      +/- 1.228e-07    (3.5%)


*******************************************************************************
Wed Mar 29 00:03:22 2023


FIT:    data read from "out.times.data"
        format = z
        #datapoints = 31
        residuals are weighted equally (unit weight)

function used for fitting: f(x)
	f(x) = a*x**3
fitted parameters initialized with current variable values

iter      chisq       delta/lim  lambda   a            
   0 6.4867217949e+09   0.00e+00  1.45e+04    1.000000e-04
   4 2.6959741173e-02  -2.54e-05  1.45e+00    5.953961e-09

After 4 iterations the fit converged.
final sum of squares of residuals : 0.0269597
rel. change during last iteration : -2.54261e-10

degrees of freedom    (FIT_NDF)                        : 30
rms of residuals      (FIT_STDFIT) = sqrt(WSSR/ndf)    : 0.0299776
variance of residuals (reduced chisquare) = WSSR/ndf   : 0.000898658

Final set of parameters            Asymptotic Standard Error
=======================            ==========================
a               = 5.95396e-09      +/- 3.722e-11    (0.6251%)


*******************************************************************************
Wed Mar 29 00:03:22 2023


FIT:    data read from "out.times.data"
        format = z
        #datapoints = 31
        residuals are weighted equally (unit weight)

function used for fitting: g(x)
	g(x) = b*x**2
fitted parameters initialized with current variable values

iter      chisq       delta/lim  lambda   b            
   0 1.6787249700e+04   0.00e+00  2.41e+01    1.000000e-04
   3 8.1615837290e-01  -2.09e-01  2.41e-02    3.509672e-06

After 3 iterations the fit converged.
final sum of squares of residuals : 0.816158
rel. change during last iteration : -2.08872e-06

degrees of freedom    (FIT_NDF)                        : 30
rms of residuals      (FIT_STDFIT) = sqrt(WSSR/ndf)    : 0.16494
variance of residuals (reduced chisquare) = WSSR/ndf   : 0.0272053

Final set of parameters            Asymptotic Standard Error
=======================            ==========================
b               = 3.50967e-06      +/- 1.228e-07    (3.5%)


*******************************************************************************
Wed Mar 29 00:03:32 2023


FIT:    data read from "out.times.data"
        format = z
        #datapoints = 31
        residuals are weighted equally (unit weight)

function used for fitting: f(x)
	f(x) = a*x**3
fitted parameters initialized with current variable values

iter      chisq       delta/lim  lambda   a            
   0 6.4867217949e+09   0.00e+00  1.45e+04    1.000000e-04
   4 2.6959741173e-02  -2.54e-05  1.45e+00    5.953961e-09

After 4 iterations the fit converged.
final sum of squares of residuals : 0.0269597
rel. change during last iteration : -2.54261e-10

degrees of freedom    (FIT_NDF)                        : 30
rms of residuals      (FIT_STDFIT) = sqrt(WSSR/ndf)    : 0.0299776
variance of residuals (reduced chisquare) = WSSR/ndf   : 0.000898658

Final set of parameters            Asymptotic Standard Error
=======================            ==========================
a               = 5.95396e-09      +/- 3.722e-11    (0.6251%)


*******************************************************************************
Wed Mar 29 00:03:32 2023


FIT:    data read from "out.times.data"
        format = z
        #datapoints = 31
        residuals are weighted equally (unit weight)

function used for fitting: g(x)
	g(x) = b*x**2
fitted parameters initialized with current variable values

iter      chisq       delta/lim  lambda   b            
   0 1.6787249700e+04   0.00e+00  2.41e+01    1.000000e-04
   3 8.1615837290e-01  -2.09e-01  2.41e-02    3.509672e-06

After 3 iterations the fit converged.
final sum of squares of residuals : 0.816158
rel. change during last iteration : -2.08872e-06

degrees of freedom    (FIT_NDF)                        : 30
rms of residuals      (FIT_STDFIT) = sqrt(WSSR/ndf)    : 0.16494
variance of residuals (reduced chisquare) = WSSR/ndf   : 0.0272053

Final set of parameters            Asymptotic Standard Error
=======================            ==========================
b               = 3.50967e-06      +/- 1.228e-07    (3.5%)
